[01m[K/home/znbd/ROS2_driver/hkcamera_driver/src/single_cam_node.cpp:[m[K In function â€˜[01m[Kvoid ImageCallBackEx(unsigned char*, MV_FRAME_OUT_INFO_EX*, void*)[m[Kâ€™:
[01m[K/home/znbd/ROS2_driver/hkcamera_driver/src/single_cam_node.cpp:51:18:[m[K [01;31m[Kerror: [m[Kâ€˜[01m[Kusing SharedPtr = class std::shared_ptr<rclcpp::Publisher<sensor_msgs::msg::Image_<std::allocator<void> > > >[m[Kâ€™ {aka â€˜[01m[Kclass std::shared_ptr<rclcpp::Publisher<sensor_msgs::msg::Image_<std::allocator<void> > > >[m[Kâ€™} has no member named â€˜[01m[Kpublish[m[Kâ€™
   51 |             pub->[01;31m[Kpublish[m[K(*img_msg.get());
      |                  [01;31m[K^~~~~~~[m[K
[01m[K/home/znbd/ROS2_driver/hkcamera_driver/src/single_cam_node.cpp:20:48:[m[K [01;35m[Kwarning: [m[Kunused parameter â€˜[01m[KpData[m[Kâ€™ [[01;35m[K]8;;https://gcc.gnu.org/onlinedocs/gcc/Warning-Options.html#index-Wunused-parameter-Wunused-parameter]8;;[m[K]
   20 | void __stdcall ImageCallBackEx([01;35m[Kunsigned char * pData[m[K, MV_FRAME_OUT_INFO_EX* pFrameInfo, void* pub_)
      |                                [01;35m[K~~~~~~~~~~~~~~~~^~~~~[m[K
[01m[K/home/znbd/ROS2_driver/hkcamera_driver/src/single_cam_node.cpp:[m[K At global scope:
[01m[K/home/znbd/ROS2_driver/hkcamera_driver/src/single_cam_node.cpp:152:50:[m[K [01;35m[Kwarning: [m[Kmissing initializer for member â€˜[01m[K_MV_PIXEL_CONVERT_PARAM_T_::nHeight[m[Kâ€™ [[01;35m[K]8;;https://gcc.gnu.org/onlinedocs/gcc/Warning-Options.html#index-Wmissing-field-initializers-Wmissing-field-initializers]8;;[m[K]
  152 |     MV_CC_PIXEL_CONVERT_PARAM stConvertParam = {0[01;35m[K}[m[K;
      |                                                  [01;35m[K^[m[K
[01m[K/home/znbd/ROS2_driver/hkcamera_driver/src/single_cam_node.cpp:152:50:[m[K [01;35m[Kwarning: [m[Kmissing initializer for member â€˜[01m[K_MV_PIXEL_CONVERT_PARAM_T_::enSrcPixelType[m[Kâ€™ [[01;35m[K]8;;https://gcc.gnu.org/onlinedocs/gcc/Warning-Options.html#index-Wmissing-field-initializers-Wmissing-field-initializers]8;;[m[K]
[01m[K/home/znbd/ROS2_driver/hkcamera_driver/src/single_cam_node.cpp:152:50:[m[K [01;35m[Kwarning: [m[Kmissing initializer for member â€˜[01m[K_MV_PIXEL_CONVERT_PARAM_T_::pSrcData[m[Kâ€™ [[01;35m[K]8;;https://gcc.gnu.org/onlinedocs/gcc/Warning-Options.html#index-Wmissing-field-initializers-Wmissing-field-initializers]8;;[m[K]
[01m[K/home/znbd/ROS2_driver/hkcamera_driver/src/single_cam_node.cpp:152:50:[m[K [01;35m[Kwarning: [m[Kmissing initializer for member â€˜[01m[K_MV_PIXEL_CONVERT_PARAM_T_::nSrcDataLen[m[Kâ€™ [[01;35m[K]8;;https://gcc.gnu.org/onlinedocs/gcc/Warning-Options.html#index-Wmissing-field-initializers-Wmissing-field-initializers]8;;[m[K]
[01m[K/home/znbd/ROS2_driver/hkcamera_driver/src/single_cam_node.cpp:152:50:[m[K [01;35m[Kwarning: [m[Kmissing initializer for member â€˜[01m[K_MV_PIXEL_CONVERT_PARAM_T_::enDstPixelType[m[Kâ€™ [[01;35m[K]8;;https://gcc.gnu.org/onlinedocs/gcc/Warning-Options.html#index-Wmissing-field-initializers-Wmissing-field-initializers]8;;[m[K]
[01m[K/home/znbd/ROS2_driver/hkcamera_driver/src/single_cam_node.cpp:152:50:[m[K [01;35m[Kwarning: [m[Kmissing initializer for member â€˜[01m[K_MV_PIXEL_CONVERT_PARAM_T_::pDstBuffer[m[Kâ€™ [[01;35m[K]8;;https://gcc.gnu.org/onlinedocs/gcc/Warning-Options.html#index-Wmissing-field-initializers-Wmissing-field-initializers]8;;[m[K]
[01m[K/home/znbd/ROS2_driver/hkcamera_driver/src/single_cam_node.cpp:152:50:[m[K [01;35m[Kwarning: [m[Kmissing initializer for member â€˜[01m[K_MV_PIXEL_CONVERT_PARAM_T_::nDstLen[m[Kâ€™ [[01;35m[K]8;;https://gcc.gnu.org/onlinedocs/gcc/Warning-Options.html#index-Wmissing-field-initializers-Wmissing-field-initializers]8;;[m[K]
[01m[K/home/znbd/ROS2_driver/hkcamera_driver/src/single_cam_node.cpp:152:50:[m[K [01;35m[Kwarning: [m[Kmissing initializer for member â€˜[01m[K_MV_PIXEL_CONVERT_PARAM_T_::nDstBufferSize[m[Kâ€™ [[01;35m[K]8;;https://gcc.gnu.org/onlinedocs/gcc/Warning-Options.html#index-Wmissing-field-initializers-Wmissing-field-initializers]8;;[m[K]
[01m[K/home/znbd/ROS2_driver/hkcamera_driver/src/single_cam_node.cpp:152:50:[m[K [01;35m[Kwarning: [m[Kmissing initializer for member â€˜[01m[K_MV_PIXEL_CONVERT_PARAM_T_::nRes[m[Kâ€™ [[01;35m[K]8;;https://gcc.gnu.org/onlinedocs/gcc/Warning-Options.html#index-Wmissing-field-initializers-Wmissing-field-initializers]8;;[m[K]
[01m[K/home/znbd/ROS2_driver/hkcamera_driver/src/single_cam_node.cpp:[m[K In member function â€˜[01m[Kvoid HIKRobotSingleCameraPublisher::find_and_select_camera()[m[Kâ€™:
[01m[K/home/znbd/ROS2_driver/hkcamera_driver/src/single_cam_node.cpp:201:21:[m[K [01;35m[Kwarning: [m[Kformat â€˜[01m[K%d[m[Kâ€™ expects argument of type â€˜[01m[Kint*[m[Kâ€™, but argument 2 has type â€˜[01m[Kunsigned int*[m[Kâ€™ [[01;35m[K]8;;https://gcc.gnu.org/onlinedocs/gcc/Warning-Options.html#index-Wformat=-Wformat=]8;;[m[K]
  201 |             scanf("[01;35m[K%d[m[K", [32m[K&nIndex[m[K);
      |                    [01;35m[K~^[m[K   [32m[K~~~~~~~[m[K
      |                     [01;35m[K|[m[K   [32m[K|[m[K
      |                     [01;35m[K|[m[K   [32m[Kunsigned int*[m[K
      |                     [01;35m[Kint*[m[K
      |                    [32m[K%d[m[K
gmake[2]: *** [CMakeFiles/single_cam_node.dir/build.make:76: CMakeFiles/single_cam_node.dir/src/single_cam_node.cpp.o] Error 1
gmake[1]: *** [CMakeFiles/Makefile2:139: CMakeFiles/single_cam_node.dir/all] Error 2
gmake: *** [Makefile:146: all] Error 2
