[0.000000] (-) TimerEvent: {}
[0.000085] (hkcamera_driver) JobQueued: {'identifier': 'hkcamera_driver', 'dependencies': OrderedDict()}
[0.000108] (hkcamera_driver) JobStarted: {'identifier': 'hkcamera_driver'}
[0.008084] (hkcamera_driver) JobProgress: {'identifier': 'hkcamera_driver', 'progress': 'cmake'}
[0.008992] (hkcamera_driver) JobProgress: {'identifier': 'hkcamera_driver', 'progress': 'build'}
[0.009020] (hkcamera_driver) Command: {'cmd': ['/usr/bin/cmake', '--build', '/home/znbd/ROS2_driver/hkcamera_driver/build/hkcamera_driver', '--', '-j16', '-l16'], 'cwd': '/home/znbd/ROS2_driver/hkcamera_driver/build/hkcamera_driver', 'env': OrderedDict([('LESSOPEN', '| /usr/bin/lesspipe %s'), ('USER', 'znbd'), ('LC_TIME', 'zh_CN.UTF-8'), ('XDG_SESSION_TYPE', 'x11'), ('SHLVL', '1'), ('RCUTILS_CONSOLE_OUTPUT_FORMAT', '[{severity} {time}] [{name}]: {message} ({function_name}() at {file_name}:{line_number})'), ('LD_LIBRARY_PATH', '/opt/MVS/lib/64:/home/znbd/applanix_ws/install/applanix_msgs/lib:/usr/local/cuda/lib64:/opt/ros/humble/opt/rviz_ogre_vendor/lib:/opt/ros/humble/lib/x86_64-linux-gnu:/opt/ros/humble/lib:/opt/MVS/lib/64:/opt/MVS/lib/32:/opt/MVS/lib/64:/opt/MVS/lib/32:'), ('HOME', '/home/znbd'), ('DESKTOP_SESSION', 'ubuntu'), ('ROS_PYTHON_VERSION', '3'), ('GNOME_SHELL_SESSION_MODE', 'ubuntu'), ('GTK_MODULES', 'gail:atk-bridge'), ('LC_MONETARY', 'zh_CN.UTF-8'), ('SYSTEMD_EXEC_PID', '8943'), ('DBUS_SESSION_BUS_ADDRESS', 'unix:path=/run/user/1000/bus'), ('COLORTERM', 'truecolor'), ('IM_CONFIG_PHASE', '1'), ('COLCON_PREFIX_PATH', '/home/znbd/ROS2_driver/hkcamera_driver/install:/home/znbd/applanix_ws/install'), ('ROS_DISTRO', 'humble'), ('GTK_IM_MODULE', 'fcitx'), ('LOGNAME', 'znbd'), ('_', '/usr/bin/colcon'), ('ROS_VERSION', '2'), ('XDG_SESSION_CLASS', 'user'), ('USERNAME', 'znbd'), ('TERM', 'xterm-256color'), ('GNOME_DESKTOP_SESSION_ID', 'this-is-deprecated'), ('ROS_LOCALHOST_ONLY', '0'), ('WINDOWPATH', '2'), ('MVCAM_SDK_PATH', '/opt/MVS'), ('PATH', '/opt/MVS/bin:/usr/local/cuda/bin:/opt/ros/humble/bin:/home/znbd/.local/bin:/usr/local/sbin:/usr/local/bin:/usr/sbin:/usr/bin:/sbin:/bin:/usr/games:/usr/local/games:/snap/bin:/snap/bin'), ('SESSION_MANAGER', 'local/znbd-Nuvo-8108GC-Series:@/tmp/.ICE-unix/1807,unix/znbd-Nuvo-8108GC-Series:/tmp/.ICE-unix/1807'), ('XDG_MENU_PREFIX', 'gnome-'), ('LC_ADDRESS', 'zh_CN.UTF-8'), ('GNOME_TERMINAL_SCREEN', '/org/gnome/Terminal/screen/550b037a_cb50_4887_9708_4993b36eb8b5'), ('XDG_RUNTIME_DIR', '/run/user/1000'), ('DISPLAY', ':0'), ('LANG', 'en_US.UTF-8'), ('XDG_CURRENT_DESKTOP', 'ubuntu:GNOME'), ('LC_TELEPHONE', 'zh_CN.UTF-8'), ('RMW_IMPLEMENTATION', 'rmw_cyclonedds_cpp'), ('XMODIFIERS', '@im=fcitx'), ('XDG_SESSION_DESKTOP', 'ubuntu'), ('XAUTHORITY', '/run/user/1000/gdm/Xauthority'), ('LS_COLORS', 'rs=0:di=01;34:ln=01;36:mh=00:pi=40;33:so=01;35:do=01;35:bd=40;33;01:cd=40;33;01:or=40;31;01:mi=00:su=37;41:sg=30;43:ca=30;41:tw=30;42:ow=34;42:st=37;44:ex=01;32:*.tar=01;31:*.tgz=01;31:*.arc=01;31:*.arj=01;31:*.taz=01;31:*.lha=01;31:*.lz4=01;31:*.lzh=01;31:*.lzma=01;31:*.tlz=01;31:*.txz=01;31:*.tzo=01;31:*.t7z=01;31:*.zip=01;31:*.z=01;31:*.dz=01;31:*.gz=01;31:*.lrz=01;31:*.lz=01;31:*.lzo=01;31:*.xz=01;31:*.zst=01;31:*.tzst=01;31:*.bz2=01;31:*.bz=01;31:*.tbz=01;31:*.tbz2=01;31:*.tz=01;31:*.deb=01;31:*.rpm=01;31:*.jar=01;31:*.war=01;31:*.ear=01;31:*.sar=01;31:*.rar=01;31:*.alz=01;31:*.ace=01;31:*.zoo=01;31:*.cpio=01;31:*.7z=01;31:*.rz=01;31:*.cab=01;31:*.wim=01;31:*.swm=01;31:*.dwm=01;31:*.esd=01;31:*.jpg=01;35:*.jpeg=01;35:*.mjpg=01;35:*.mjpeg=01;35:*.gif=01;35:*.bmp=01;35:*.pbm=01;35:*.pgm=01;35:*.ppm=01;35:*.tga=01;35:*.xbm=01;35:*.xpm=01;35:*.tif=01;35:*.tiff=01;35:*.png=01;35:*.svg=01;35:*.svgz=01;35:*.mng=01;35:*.pcx=01;35:*.mov=01;35:*.mpg=01;35:*.mpeg=01;35:*.m2v=01;35:*.mkv=01;35:*.webm=01;35:*.webp=01;35:*.ogm=01;35:*.mp4=01;35:*.m4v=01;35:*.mp4v=01;35:*.vob=01;35:*.qt=01;35:*.nuv=01;35:*.wmv=01;35:*.asf=01;35:*.rm=01;35:*.rmvb=01;35:*.flc=01;35:*.avi=01;35:*.fli=01;35:*.flv=01;35:*.gl=01;35:*.dl=01;35:*.xcf=01;35:*.xwd=01;35:*.yuv=01;35:*.cgm=01;35:*.emf=01;35:*.ogv=01;35:*.ogx=01;35:*.aac=00;36:*.au=00;36:*.flac=00;36:*.m4a=00;36:*.mid=00;36:*.midi=00;36:*.mka=00;36:*.mp3=00;36:*.mpc=00;36:*.ogg=00;36:*.ra=00;36:*.wav=00;36:*.oga=00;36:*.opus=00;36:*.spx=00;36:*.xspf=00;36:'), ('GNOME_TERMINAL_SERVICE', ':1.329'), ('SSH_AGENT_LAUNCHER', 'gnome-keyring'), ('SSH_AUTH_SOCK', '/run/user/1000/keyring/ssh'), ('AMENT_PREFIX_PATH', '/home/znbd/ROS2_driver/hkcamera_driver/install/hkcamera_driver:/home/znbd/applanix_ws/install/applanix_msgs:/opt/ros/humble'), ('SHELL', '/bin/bash'), ('LC_NAME', 'zh_CN.UTF-8'), ('QT_ACCESSIBILITY', '1'), ('GDMSESSION', 'ubuntu'), ('LESSCLOSE', '/usr/bin/lesspipe %s %s'), ('LC_MEASUREMENT', 'zh_CN.UTF-8'), ('GPG_AGENT_INFO', '/run/user/1000/gnupg/S.gpg-agent:0:1'), ('LC_IDENTIFICATION', 'zh_CN.UTF-8'), ('QT_IM_MODULE', 'fcitx'), ('PWD', '/home/znbd/ROS2_driver/hkcamera_driver/build/hkcamera_driver'), ('XDG_CONFIG_DIRS', '/etc/xdg/xdg-ubuntu:/etc/xdg'), ('CLUTTER_IM_MODULE', 'fcitx'), ('RCUTILS_COLORIZED_OUTPUT', '1'), ('XDG_DATA_DIRS', '/usr/share/ubuntu:/usr/share/gnome:/usr/local/share/:/usr/share/:/var/lib/snapd/desktop'), ('PYTHONPATH', '/home/znbd/applanix_ws/install/applanix_msgs/local/lib/python3.10/dist-packages:/opt/ros/humble/lib/python3.10/site-packages:/opt/ros/humble/local/lib/python3.10/dist-packages'), ('LC_NUMERIC', 'zh_CN.UTF-8'), ('LC_PAPER', 'zh_CN.UTF-8'), ('COLCON', '1'), ('VTE_VERSION', '6800'), ('CMAKE_PREFIX_PATH', '/home/znbd/ROS2_driver/hkcamera_driver/install/hkcamera_driver:/home/znbd/applanix_ws/install/applanix_msgs:/opt/ros/humble'), ('MVCAM_COMMON_RUNENV', '/opt/MVS/lib')]), 'shell': False}
[0.025403] (hkcamera_driver) StdoutLine: {'line': b'-- Found ament_cmake: 1.3.3 (/opt/ros/humble/share/ament_cmake/cmake)\n'}
[0.099570] (-) TimerEvent: {}
[0.125291] (hkcamera_driver) StdoutLine: {'line': b'-- Found rclcpp: 16.0.3 (/opt/ros/humble/share/rclcpp/cmake)\n'}
[0.147097] (hkcamera_driver) StdoutLine: {'line': b'-- Found rosidl_generator_c: 3.1.4 (/opt/ros/humble/share/rosidl_generator_c/cmake)\n'}
[0.149155] (hkcamera_driver) StdoutLine: {'line': b'-- Found rosidl_adapter: 3.1.4 (/opt/ros/humble/share/rosidl_adapter/cmake)\n'}
[0.154361] (hkcamera_driver) StdoutLine: {'line': b'-- Found rosidl_generator_cpp: 3.1.4 (/opt/ros/humble/share/rosidl_generator_cpp/cmake)\n'}
[0.163431] (hkcamera_driver) StdoutLine: {'line': b'-- Using all available rosidl_typesupport_c: rosidl_typesupport_fastrtps_c;rosidl_typesupport_introspection_c\n'}
[0.175724] (hkcamera_driver) StdoutLine: {'line': b'-- Using all available rosidl_typesupport_cpp: rosidl_typesupport_fastrtps_cpp;rosidl_typesupport_introspection_cpp\n'}
[0.199689] (-) TimerEvent: {}
[0.221041] (hkcamera_driver) StdoutLine: {'line': b'-- Found rmw_implementation_cmake: 6.1.1 (/opt/ros/humble/share/rmw_implementation_cmake/cmake)\n'}
[0.222143] (hkcamera_driver) StdoutLine: {'line': b'-- Found rmw_cyclonedds_cpp: 1.3.4 (/opt/ros/humble/share/rmw_cyclonedds_cpp/cmake)\n'}
[0.244461] (hkcamera_driver) StdoutLine: {'line': b"-- Using RMW implementation 'rmw_cyclonedds_cpp' as default\n"}
[0.299754] (-) TimerEvent: {}
[0.368468] (hkcamera_driver) StdoutLine: {'line': b'-- Found sensor_msgs: 4.2.3 (/opt/ros/humble/share/sensor_msgs/cmake)\n'}
[0.399824] (-) TimerEvent: {}
[0.467030] (hkcamera_driver) StdoutLine: {'line': b'-- Found image_transport: 3.1.5 (/opt/ros/humble/share/image_transport/cmake)\n'}
[0.499943] (-) TimerEvent: {}
[0.500691] (hkcamera_driver) StdoutLine: {'line': b'-- Found cv_bridge: 3.2.1 (/opt/ros/humble/share/cv_bridge/cmake)\n'}
[0.513768] (hkcamera_driver) StdoutLine: {'line': b'-- Found ament_lint_auto: 0.12.5 (/opt/ros/humble/share/ament_lint_auto/cmake)\n'}
[0.573954] (hkcamera_driver) StdoutLine: {'line': b"-- Added test 'cppcheck' to perform static code analysis on C / C++ code\n"}
[0.574197] (hkcamera_driver) StdoutLine: {'line': b'-- Configured cppcheck include dirs: /home/znbd/ROS2_driver/hkcamera_driver/include\n'}
[0.574270] (hkcamera_driver) StdoutLine: {'line': b'-- Configured cppcheck exclude dirs and/or files: \n'}
[0.576380] (hkcamera_driver) StdoutLine: {'line': b"-- Added test 'flake8' to check Python code syntax and style conventions\n"}
[0.579961] (hkcamera_driver) StdoutLine: {'line': b"-- Added test 'lint_cmake' to check CMake code style\n"}
[0.581769] (hkcamera_driver) StdoutLine: {'line': b"-- Added test 'pep257' to check Python code against some of the docstring style conventions in PEP 257\n"}
[0.593744] (hkcamera_driver) StdoutLine: {'line': b"-- Added test 'uncrustify' to check C / C++ code style\n"}
[0.593817] (hkcamera_driver) StdoutLine: {'line': b'-- Configured uncrustify additional arguments: \n'}
[0.595749] (hkcamera_driver) StdoutLine: {'line': b"-- Added test 'xmllint' to check XML markup files\n"}
[0.596428] (hkcamera_driver) StdoutLine: {'line': b'-- Configuring done\n'}
[0.600032] (-) TimerEvent: {}
[0.700239] (-) TimerEvent: {}
[0.720893] (hkcamera_driver) StdoutLine: {'line': b'-- Generating done\n'}
[0.722357] (hkcamera_driver) StdoutLine: {'line': b'-- Build files have been written to: /home/znbd/ROS2_driver/hkcamera_driver/build/hkcamera_driver\n'}
[0.742513] (hkcamera_driver) StdoutLine: {'line': b'\x1b[35m\x1b[1mConsolidate compiler generated dependencies of target single_cam_node\x1b[0m\n'}
[0.752027] (hkcamera_driver) StdoutLine: {'line': b'[ 25%] \x1b[32mBuilding CXX object CMakeFiles/test1.dir/src/test1.cpp.o\x1b[0m\n'}
[0.761028] (hkcamera_driver) StdoutLine: {'line': b'[ 75%] Built target single_cam_node\n'}
[0.800365] (-) TimerEvent: {}
[0.900635] (-) TimerEvent: {}
[0.972665] (hkcamera_driver) StderrLine: {'line': b'\x1b[01m\x1b[K/home/znbd/ROS2_driver/hkcamera_driver/src/test1.cpp:6:10:\x1b[m\x1b[K \x1b[01;31m\x1b[Kfatal error: \x1b[m\x1b[Kimage_transport/image_transport.hpp: No such file or directory\n'}
[0.972812] (hkcamera_driver) StderrLine: {'line': b'    6 | #include \x1b[01;31m\x1b[K<image_transport/image_transport.hpp>\x1b[m\x1b[K // Using image_transport allows us to publish and subscribe to compressed image streams in ROS2\n'}
[0.972872] (hkcamera_driver) StderrLine: {'line': b'      |          \x1b[01;31m\x1b[K^~~~~~~~~~~~~~~~~~~~~~~~~~~~~~~~~~~~~\x1b[m\x1b[K\n'}
[0.972927] (hkcamera_driver) StderrLine: {'line': b'compilation terminated.\n'}
[0.982336] (hkcamera_driver) StderrLine: {'line': b'gmake[2]: *** [CMakeFiles/test1.dir/build.make:76: CMakeFiles/test1.dir/src/test1.cpp.o] Error 1\n'}
[0.982555] (hkcamera_driver) StderrLine: {'line': b'gmake[1]: *** [CMakeFiles/Makefile2:165: CMakeFiles/test1.dir/all] Error 2\n'}
[0.982711] (hkcamera_driver) StderrLine: {'line': b'gmake: *** [Makefile:146: all] Error 2\n'}
[0.984646] (hkcamera_driver) CommandEnded: {'returncode': 2}
[1.000698] (-) TimerEvent: {}
[1.013468] (hkcamera_driver) JobEnded: {'identifier': 'hkcamera_driver', 'rc': 2}
[1.023884] (-) EventReactorShutdown: {}
