-- Found ament_cmake: 1.3.3 (/opt/ros/humble/share/ament_cmake/cmake)
-- Found rclcpp: 16.0.3 (/opt/ros/humble/share/rclcpp/cmake)
-- Found rosidl_generator_c: 3.1.4 (/opt/ros/humble/share/rosidl_generator_c/cmake)
-- Found rosidl_adapter: 3.1.4 (/opt/ros/humble/share/rosidl_adapter/cmake)
-- Found rosidl_generator_cpp: 3.1.4 (/opt/ros/humble/share/rosidl_generator_cpp/cmake)
-- Using all available rosidl_typesupport_c: rosidl_typesupport_fastrtps_c;rosidl_typesupport_introspection_c
-- Using all available rosidl_typesupport_cpp: rosidl_typesupport_fastrtps_cpp;rosidl_typesupport_introspection_cpp
-- Found rmw_implementation_cmake: 6.1.1 (/opt/ros/humble/share/rmw_implementation_cmake/cmake)
-- Found rmw_cyclonedds_cpp: 1.3.4 (/opt/ros/humble/share/rmw_cyclonedds_cpp/cmake)
-- Using RMW implementation 'rmw_cyclonedds_cpp' as default
-- Found sensor_msgs: 4.2.3 (/opt/ros/humble/share/sensor_msgs/cmake)
-- Found image_transport: 3.1.5 (/opt/ros/humble/share/image_transport/cmake)
-- Found cv_bridge: 3.2.1 (/opt/ros/humble/share/cv_bridge/cmake)
-- Found ament_lint_auto: 0.12.5 (/opt/ros/humble/share/ament_lint_auto/cmake)
-- Added test 'cppcheck' to perform static code analysis on C / C++ code
-- Configured cppcheck include dirs: /home/znbd/ROS2_driver/hkcamera_driver/include
-- Configured cppcheck exclude dirs and/or files: 
-- Added test 'flake8' to check Python code syntax and style conventions
-- Added test 'lint_cmake' to check CMake code style
-- Added test 'pep257' to check Python code against some of the docstring style conventions in PEP 257
-- Added test 'uncrustify' to check C / C++ code style
-- Configured uncrustify additional arguments: 
-- Added test 'xmllint' to check XML markup files
-- Configuring done
-- Generating done
-- Build files have been written to: /home/znbd/ROS2_driver/hkcamera_driver/build/hkcamera_driver
[35m[1mConsolidate compiler generated dependencies of target single_cam_node[0m
[ 25%] [32mBuilding CXX object CMakeFiles/test1.dir/src/test1.cpp.o[0m
[ 50%] [32mBuilding CXX object CMakeFiles/single_cam_node.dir/src/single_cam_node.cpp.o[0m
[01m[K/home/znbd/ROS2_driver/hkcamera_driver/src/single_cam_node.cpp:143:50:[m[K [01;35m[Kwarning: [m[Kmissing initializer for member â€˜[01m[K_MV_PIXEL_CONVERT_PARAM_T_::nHeight[m[Kâ€™ [[01;35m[K]8;;https://gcc.gnu.org/onlinedocs/gcc/Warning-Options.html#index-Wmissing-field-initializers-Wmissing-field-initializers]8;;[m[K]
  143 |     MV_CC_PIXEL_CONVERT_PARAM stConvertParam = {0[01;35m[K}[m[K;
      |                                                  [01;35m[K^[m[K
[01m[K/home/znbd/ROS2_driver/hkcamera_driver/src/single_cam_node.cpp:143:50:[m[K [01;35m[Kwarning: [m[Kmissing initializer for member â€˜[01m[K_MV_PIXEL_CONVERT_PARAM_T_::enSrcPixelType[m[Kâ€™ [[01;35m[K]8;;https://gcc.gnu.org/onlinedocs/gcc/Warning-Options.html#index-Wmissing-field-initializers-Wmissing-field-initializers]8;;[m[K]
[01m[K/home/znbd/ROS2_driver/hkcamera_driver/src/single_cam_node.cpp:143:50:[m[K [01;35m[Kwarning: [m[Kmissing initializer for member â€˜[01m[K_MV_PIXEL_CONVERT_PARAM_T_::pSrcData[m[Kâ€™ [[01;35m[K]8;;https://gcc.gnu.org/onlinedocs/gcc/Warning-Options.html#index-Wmissing-field-initializers-Wmissing-field-initializers]8;;[m[K]
[01m[K/home/znbd/ROS2_driver/hkcamera_driver/src/single_cam_node.cpp:143:50:[m[K [01;35m[Kwarning: [m[Kmissing initializer for member â€˜[01m[K_MV_PIXEL_CONVERT_PARAM_T_::nSrcDataLen[m[Kâ€™ [[01;35m[K]8;;https://gcc.gnu.org/onlinedocs/gcc/Warning-Options.html#index-Wmissing-field-initializers-Wmissing-field-initializers]8;;[m[K]
[01m[K/home/znbd/ROS2_driver/hkcamera_driver/src/single_cam_node.cpp:143:50:[m[K [01;35m[Kwarning: [m[Kmissing initializer for member â€˜[01m[K_MV_PIXEL_CONVERT_PARAM_T_::enDstPixelType[m[Kâ€™ [[01;35m[K]8;;https://gcc.gnu.org/onlinedocs/gcc/Warning-Options.html#index-Wmissing-field-initializers-Wmissing-field-initializers]8;;[m[K]
[01m[K/home/znbd/ROS2_driver/hkcamera_driver/src/single_cam_node.cpp:143:50:[m[K [01;35m[Kwarning: [m[Kmissing initializer for member â€˜[01m[K_MV_PIXEL_CONVERT_PARAM_T_::pDstBuffer[m[Kâ€™ [[01;35m[K]8;;https://gcc.gnu.org/onlinedocs/gcc/Warning-Options.html#index-Wmissing-field-initializers-Wmissing-field-initializers]8;;[m[K]
[01m[K/home/znbd/ROS2_driver/hkcamera_driver/src/single_cam_node.cpp:143:50:[m[K [01;35m[Kwarning: [m[Kmissing initializer for member â€˜[01m[K_MV_PIXEL_CONVERT_PARAM_T_::nDstLen[m[Kâ€™ [[01;35m[K]8;;https://gcc.gnu.org/onlinedocs/gcc/Warning-Options.html#index-Wmissing-field-initializers-Wmissing-field-initializers]8;;[m[K]
[01m[K/home/znbd/ROS2_driver/hkcamera_driver/src/single_cam_node.cpp:143:50:[m[K [01;35m[Kwarning: [m[Kmissing initializer for member â€˜[01m[K_MV_PIXEL_CONVERT_PARAM_T_::nDstBufferSize[m[Kâ€™ [[01;35m[K]8;;https://gcc.gnu.org/onlinedocs/gcc/Warning-Options.html#index-Wmissing-field-initializers-Wmissing-field-initializers]8;;[m[K]
[01m[K/home/znbd/ROS2_driver/hkcamera_driver/src/single_cam_node.cpp:143:50:[m[K [01;35m[Kwarning: [m[Kmissing initializer for member â€˜[01m[K_MV_PIXEL_CONVERT_PARAM_T_::nRes[m[Kâ€™ [[01;35m[K]8;;https://gcc.gnu.org/onlinedocs/gcc/Warning-Options.html#index-Wmissing-field-initializers-Wmissing-field-initializers]8;;[m[K]
[01m[K/home/znbd/ROS2_driver/hkcamera_driver/src/single_cam_node.cpp:[m[K In member function â€˜[01m[Kvoid HIKRobotSingleCameraPublisher::find_and_select_camera()[m[Kâ€™:
[01m[K/home/znbd/ROS2_driver/hkcamera_driver/src/single_cam_node.cpp:192:21:[m[K [01;35m[Kwarning: [m[Kformat â€˜[01m[K%d[m[Kâ€™ expects argument of type â€˜[01m[Kint*[m[Kâ€™, but argument 2 has type â€˜[01m[Kunsigned int*[m[Kâ€™ [[01;35m[K]8;;https://gcc.gnu.org/onlinedocs/gcc/Warning-Options.html#index-Wformat=-Wformat=]8;;[m[K]
  192 |             scanf("[01;35m[K%d[m[K", [32m[K&nIndex[m[K);
      |                    [01;35m[K~^[m[K   [32m[K~~~~~~~[m[K
      |                     [01;35m[K|[m[K   [32m[K|[m[K
      |                     [01;35m[K|[m[K   [32m[Kunsigned int*[m[K
      |                     [01;35m[Kint*[m[K
      |                    [32m[K%d[m[K
[ 75%] [32m[1mLinking CXX executable single_cam_node[0m
[ 75%] Built target single_cam_node
[100%] [32m[1mLinking CXX executable test1[0m
/usr/bin/ld: CMakeFiles/test1.dir/src/test1.cpp.o: in function `MinimalPublisher::timer_callback()':
test1.cpp:(.text._ZN16MinimalPublisher14timer_callbackEv[_ZN16MinimalPublisher14timer_callbackEv]+0x1e5): undefined reference to `cv_bridge::CvImage::toImageMsg() const'
collect2: error: ld returned 1 exit status
gmake[2]: *** [CMakeFiles/test1.dir/build.make:1464: test1] Error 1
gmake[1]: *** [CMakeFiles/Makefile2:165: CMakeFiles/test1.dir/all] Error 2
gmake: *** [Makefile:146: all] Error 2
