[0.010s] Invoking command in '/home/znbd/ROS2_driver/hkcamera_driver/build/hkcamera_driver': CMAKE_PREFIX_PATH=${CMAKE_PREFIX_PATH}:/opt/ros/humble /usr/bin/cmake --build /home/znbd/ROS2_driver/hkcamera_driver/build/hkcamera_driver -- -j16 -l16
[0.025s] -- Found ament_cmake: 1.3.3 (/opt/ros/humble/share/ament_cmake/cmake)
[0.120s] -- Found rclcpp: 16.0.3 (/opt/ros/humble/share/rclcpp/cmake)
[0.142s] -- Found rosidl_generator_c: 3.1.4 (/opt/ros/humble/share/rosidl_generator_c/cmake)
[0.144s] -- Found rosidl_adapter: 3.1.4 (/opt/ros/humble/share/rosidl_adapter/cmake)
[0.148s] -- Found rosidl_generator_cpp: 3.1.4 (/opt/ros/humble/share/rosidl_generator_cpp/cmake)
[0.157s] -- Using all available rosidl_typesupport_c: rosidl_typesupport_fastrtps_c;rosidl_typesupport_introspection_c
[0.171s] -- Using all available rosidl_typesupport_cpp: rosidl_typesupport_fastrtps_cpp;rosidl_typesupport_introspection_cpp
[0.215s] -- Found rmw_implementation_cmake: 6.1.1 (/opt/ros/humble/share/rmw_implementation_cmake/cmake)
[0.216s] -- Found rmw_cyclonedds_cpp: 1.3.4 (/opt/ros/humble/share/rmw_cyclonedds_cpp/cmake)
[0.238s] -- Using RMW implementation 'rmw_cyclonedds_cpp' as default
[0.363s] -- Found sensor_msgs: 4.2.3 (/opt/ros/humble/share/sensor_msgs/cmake)
[0.463s] -- Found image_transport: 3.1.5 (/opt/ros/humble/share/image_transport/cmake)
[0.494s] -- Found cv_bridge: 3.2.1 (/opt/ros/humble/share/cv_bridge/cmake)
[0.507s] -- Found ament_lint_auto: 0.12.5 (/opt/ros/humble/share/ament_lint_auto/cmake)
[0.569s] -- Added test 'cppcheck' to perform static code analysis on C / C++ code
[0.569s] -- Configured cppcheck include dirs: /home/znbd/ROS2_driver/hkcamera_driver/include
[0.569s] -- Configured cppcheck exclude dirs and/or files: 
[0.571s] -- Added test 'flake8' to check Python code syntax and style conventions
[0.574s] -- Added test 'lint_cmake' to check CMake code style
[0.576s] -- Added test 'pep257' to check Python code against some of the docstring style conventions in PEP 257
[0.588s] -- Added test 'uncrustify' to check C / C++ code style
[0.588s] -- Configured uncrustify additional arguments: 
[0.590s] -- Added test 'xmllint' to check XML markup files
[0.591s] -- Configuring done
[0.711s] -- Generating done
[0.713s] -- Build files have been written to: /home/znbd/ROS2_driver/hkcamera_driver/build/hkcamera_driver
[0.736s] [35m[1mConsolidate compiler generated dependencies of target single_cam_node[0m
[0.746s] [ 25%] [32mBuilding CXX object CMakeFiles/test1.dir/src/test1.cpp.o[0m
[0.754s] [ 50%] [32mBuilding CXX object CMakeFiles/single_cam_node.dir/src/single_cam_node.cpp.o[0m
[2.989s] [01m[K/home/znbd/ROS2_driver/hkcamera_driver/src/single_cam_node.cpp:143:50:[m[K [01;35m[Kwarning: [m[Kmissing initializer for member â€˜[01m[K_MV_PIXEL_CONVERT_PARAM_T_::nHeight[m[Kâ€™ [[01;35m[K]8;;https://gcc.gnu.org/onlinedocs/gcc/Warning-Options.html#index-Wmissing-field-initializers-Wmissing-field-initializers]8;;[m[K]
[2.989s]   143 |     MV_CC_PIXEL_CONVERT_PARAM stConvertParam = {0[01;35m[K}[m[K;
[2.989s]       |                                                  [01;35m[K^[m[K
[2.989s] [01m[K/home/znbd/ROS2_driver/hkcamera_driver/src/single_cam_node.cpp:143:50:[m[K [01;35m[Kwarning: [m[Kmissing initializer for member â€˜[01m[K_MV_PIXEL_CONVERT_PARAM_T_::enSrcPixelType[m[Kâ€™ [[01;35m[K]8;;https://gcc.gnu.org/onlinedocs/gcc/Warning-Options.html#index-Wmissing-field-initializers-Wmissing-field-initializers]8;;[m[K]
[2.989s] [01m[K/home/znbd/ROS2_driver/hkcamera_driver/src/single_cam_node.cpp:143:50:[m[K [01;35m[Kwarning: [m[Kmissing initializer for member â€˜[01m[K_MV_PIXEL_CONVERT_PARAM_T_::pSrcData[m[Kâ€™ [[01;35m[K]8;;https://gcc.gnu.org/onlinedocs/gcc/Warning-Options.html#index-Wmissing-field-initializers-Wmissing-field-initializers]8;;[m[K]
[2.989s] [01m[K/home/znbd/ROS2_driver/hkcamera_driver/src/single_cam_node.cpp:143:50:[m[K [01;35m[Kwarning: [m[Kmissing initializer for member â€˜[01m[K_MV_PIXEL_CONVERT_PARAM_T_::nSrcDataLen[m[Kâ€™ [[01;35m[K]8;;https://gcc.gnu.org/onlinedocs/gcc/Warning-Options.html#index-Wmissing-field-initializers-Wmissing-field-initializers]8;;[m[K]
[2.989s] [01m[K/home/znbd/ROS2_driver/hkcamera_driver/src/single_cam_node.cpp:143:50:[m[K [01;35m[Kwarning: [m[Kmissing initializer for member â€˜[01m[K_MV_PIXEL_CONVERT_PARAM_T_::enDstPixelType[m[Kâ€™ [[01;35m[K]8;;https://gcc.gnu.org/onlinedocs/gcc/Warning-Options.html#index-Wmissing-field-initializers-Wmissing-field-initializers]8;;[m[K]
[2.989s] [01m[K/home/znbd/ROS2_driver/hkcamera_driver/src/single_cam_node.cpp:143:50:[m[K [01;35m[Kwarning: [m[Kmissing initializer for member â€˜[01m[K_MV_PIXEL_CONVERT_PARAM_T_::pDstBuffer[m[Kâ€™ [[01;35m[K]8;;https://gcc.gnu.org/onlinedocs/gcc/Warning-Options.html#index-Wmissing-field-initializers-Wmissing-field-initializers]8;;[m[K]
[2.990s] [01m[K/home/znbd/ROS2_driver/hkcamera_driver/src/single_cam_node.cpp:143:50:[m[K [01;35m[Kwarning: [m[Kmissing initializer for member â€˜[01m[K_MV_PIXEL_CONVERT_PARAM_T_::nDstLen[m[Kâ€™ [[01;35m[K]8;;https://gcc.gnu.org/onlinedocs/gcc/Warning-Options.html#index-Wmissing-field-initializers-Wmissing-field-initializers]8;;[m[K]
[2.990s] [01m[K/home/znbd/ROS2_driver/hkcamera_driver/src/single_cam_node.cpp:143:50:[m[K [01;35m[Kwarning: [m[Kmissing initializer for member â€˜[01m[K_MV_PIXEL_CONVERT_PARAM_T_::nDstBufferSize[m[Kâ€™ [[01;35m[K]8;;https://gcc.gnu.org/onlinedocs/gcc/Warning-Options.html#index-Wmissing-field-initializers-Wmissing-field-initializers]8;;[m[K]
[2.990s] [01m[K/home/znbd/ROS2_driver/hkcamera_driver/src/single_cam_node.cpp:143:50:[m[K [01;35m[Kwarning: [m[Kmissing initializer for member â€˜[01m[K_MV_PIXEL_CONVERT_PARAM_T_::nRes[m[Kâ€™ [[01;35m[K]8;;https://gcc.gnu.org/onlinedocs/gcc/Warning-Options.html#index-Wmissing-field-initializers-Wmissing-field-initializers]8;;[m[K]
[2.991s] [01m[K/home/znbd/ROS2_driver/hkcamera_driver/src/single_cam_node.cpp:[m[K In member function â€˜[01m[Kvoid HIKRobotSingleCameraPublisher::find_and_select_camera()[m[Kâ€™:
[2.991s] [01m[K/home/znbd/ROS2_driver/hkcamera_driver/src/single_cam_node.cpp:192:21:[m[K [01;35m[Kwarning: [m[Kformat â€˜[01m[K%d[m[Kâ€™ expects argument of type â€˜[01m[Kint*[m[Kâ€™, but argument 2 has type â€˜[01m[Kunsigned int*[m[Kâ€™ [[01;35m[K]8;;https://gcc.gnu.org/onlinedocs/gcc/Warning-Options.html#index-Wformat=-Wformat=]8;;[m[K]
[2.991s]   192 |             scanf("[01;35m[K%d[m[K", [32m[K&nIndex[m[K);
[2.991s]       |                    [01;35m[K~^[m[K   [32m[K~~~~~~~[m[K
[2.991s]       |                     [01;35m[K|[m[K   [32m[K|[m[K
[2.992s]       |                     [01;35m[K|[m[K   [32m[Kunsigned int*[m[K
[2.992s]       |                     [01;35m[Kint*[m[K
[2.992s]       |                    [32m[K%d[m[K
[3.710s] [ 75%] [32m[1mLinking CXX executable single_cam_node[0m
[4.566s] [ 75%] Built target single_cam_node
[5.018s] [100%] [32m[1mLinking CXX executable test1[0m
[5.675s] /usr/bin/ld: CMakeFiles/test1.dir/src/test1.cpp.o: in function `MinimalPublisher::timer_callback()':
[5.675s] test1.cpp:(.text._ZN16MinimalPublisher14timer_callbackEv[_ZN16MinimalPublisher14timer_callbackEv]+0x1e5): undefined reference to `cv_bridge::CvImage::toImageMsg() const'
[5.690s] collect2: error: ld returned 1 exit status
[5.691s] gmake[2]: *** [CMakeFiles/test1.dir/build.make:1464: test1] Error 1
[5.691s] gmake[1]: *** [CMakeFiles/Makefile2:165: CMakeFiles/test1.dir/all] Error 2
[5.691s] gmake: *** [Makefile:146: all] Error 2
[5.693s] Invoked command in '/home/znbd/ROS2_driver/hkcamera_driver/build/hkcamera_driver' returned '2': CMAKE_PREFIX_PATH=${CMAKE_PREFIX_PATH}:/opt/ros/humble /usr/bin/cmake --build /home/znbd/ROS2_driver/hkcamera_driver/build/hkcamera_driver -- -j16 -l16
